{"/home/nono/Documents/UNI/cultcat-frontend/components/NextButton.testable.ts": {"path":"/home/nono/Documents/UNI/cultcat-frontend/components/NextButton.testable.ts","statementMap":{"0":{"start":{"line":4,"column":0},"end":{"line":4,"column":16}},"1":{"start":{"line":11,"column":2},"end":{"line":14,"column":4}}},"fnMap":{"0":{"name":"NextButtonTestable","decl":{"start":{"line":4,"column":16},"end":{"line":4,"column":34}},"loc":{"start":{"line":10,"column":1},"end":{"line":15,"column":1}}}},"branchMap":{},"s":{"0":1,"1":1},"f":{"0":1},"b":{}}
}
