TN:
SF:i18n.ts
FNF:0
FNH:0
DA:8,0
DA:16,0
DA:18,0
LF:3
LH:0
BRF:0
BRH:0
end_of_record
TN:
SF:components/CommentSection.tsx
FN:31,CommentSection
FN:45,(anonymous_1)
FN:56,(anonymous_2)
FN:64,(anonymous_3)
FN:65,(anonymous_4)
FN:67,(anonymous_5)
FN:91,(anonymous_6)
FN:93,(anonymous_7)
FN:106,(anonymous_8)
FNF:9
FNH:0
FNDA:0,CommentSection
FNDA:0,(anonymous_1)
FNDA:0,(anonymous_2)
FNDA:0,(anonymous_3)
FNDA:0,(anonymous_4)
FNDA:0,(anonymous_5)
FNDA:0,(anonymous_6)
FNDA:0,(anonymous_7)
FNDA:0,(anonymous_8)
DA:32,0
DA:33,0
DA:34,0
DA:36,0
DA:39,0
DA:40,0
DA:43,0
DA:45,0
DA:46,0
DA:47,0
DA:49,0
DA:56,0
DA:61,0
DA:64,0
DA:65,0
DA:67,0
DA:71,0
DA:91,0
DA:94,0
DA:106,0
DA:137,0
LF:21
LH:0
BRDA:34,0,0,0
BRDA:34,0,1,0
BRDA:36,1,0,0
BRDA:36,1,1,0
BRDA:43,2,0,0
BRDA:43,2,1,0
BRDA:47,3,0,0
BRDA:47,3,1,0
BRDA:58,4,0,0
BRDA:58,4,1,0
BRDA:67,5,0,0
BRDA:67,5,1,0
BRDA:73,6,0,0
BRDA:73,6,1,0
BRDA:75,7,0,0
BRDA:75,7,1,0
BRDA:81,8,0,0
BRDA:81,8,1,0
BRDA:105,9,0,0
BRDA:105,9,1,0
BRDA:119,10,0,0
BRDA:119,10,1,0
BRF:22
BRH:0
end_of_record
TN:
SF:components/GoogleButton.tsx
FN:10,GoogleButton
FNF:1
FNH:0
FNDA:0,GoogleButton
DA:11,0
DA:12,0
DA:14,0
DA:25,0
LF:4
LH:0
BRDA:12,0,0,0
BRDA:12,0,1,0
BRF:2
BRH:0
end_of_record
TN:
SF:components/LanguageSelector.tsx
FN:26,LanguageSelector
FN:43,(anonymous_1)
FN:45,(anonymous_2)
FN:55,(anonymous_3)
FN:73,(anonymous_4)
FN:76,(anonymous_5)
FN:129,(anonymous_6)
FN:135,(anonymous_7)
FN:153,(anonymous_8)
FN:205,(anonymous_9)
FN:205,(anonymous_10)
FN:210,(anonymous_11)
FN:218,(anonymous_12)
FN:226,(anonymous_13)
FNF:14
FNH:0
FNDA:0,LanguageSelector
FNDA:0,(anonymous_1)
FNDA:0,(anonymous_2)
FNDA:0,(anonymous_3)
FNDA:0,(anonymous_4)
FNDA:0,(anonymous_5)
FNDA:0,(anonymous_6)
FNDA:0,(anonymous_7)
FNDA:0,(anonymous_8)
FNDA:0,(anonymous_9)
FNDA:0,(anonymous_10)
FNDA:0,(anonymous_11)
FNDA:0,(anonymous_12)
FNDA:0,(anonymous_13)
DA:18,0
DA:24,0
DA:31,0
DA:34,0
DA:35,0
DA:36,0
DA:37,0
DA:38,0
DA:39,0
DA:42,0
DA:44,0
DA:46,0
DA:47,0
DA:55,0
DA:56,0
DA:72,0
DA:73,0
DA:76,0
DA:78,0
DA:86,0
DA:87,0
DA:107,0
DA:129,0
DA:130,0
DA:131,0
DA:132,0
DA:135,0
DA:136,0
DA:138,0
DA:153,0
DA:156,0
DA:161,0
DA:205,0
DA:206,0
DA:207,0
DA:211,0
DA:219,0
DA:226,0
DA:243,0
LF:39
LH:0
BRDA:79,0,0,0
BRDA:79,0,1,0
BRDA:86,1,0,0
BRDA:86,1,1,0
BRDA:172,2,0,0
BRDA:172,2,1,0
BRDA:173,3,0,0
BRDA:173,3,1,0
BRDA:193,4,0,0
BRDA:193,4,1,0
BRF:10
BRH:0
end_of_record
TN:
SF:components/NextButton.testable.ts
FN:4,NextButtonTestable
FNF:1
FNH:1
FNDA:1,NextButtonTestable
DA:11,1
LF:1
LH:1
BRF:0
BRH:0
end_of_record
TN:
SF:components/NextButton.tsx
FN:12,NextButton
FN:18,(anonymous_1)
FN:37,(anonymous_2)
FN:48,(anonymous_3)
FN:70,(anonymous_4)
FN:90,(anonymous_5)
FN:125,(anonymous_6)
FNF:7
FNH:0
FNDA:0,NextButton
FNDA:0,(anonymous_1)
FNDA:0,(anonymous_2)
FNDA:0,(anonymous_3)
FNDA:0,(anonymous_4)
FNDA:0,(anonymous_5)
FNDA:0,(anonymous_6)
DA:13,0
DA:14,0
DA:15,0
DA:16,0
DA:18,0
DA:19,0
DA:37,0
DA:38,0
DA:40,0
DA:48,0
DA:49,0
DA:51,0
DA:72,0
DA:90,0
DA:91,0
DA:96,0
DA:101,0
DA:106,0
DA:111,0
DA:122,0
DA:126,0
DA:190,0
LF:22
LH:0
BRF:0
BRH:0
end_of_record
TN:
SF:components/ReviewSection.tsx
FN:35,ReviewSection
FN:44,(anonymous_1)
FN:50,(anonymous_2)
FN:69,(anonymous_3)
FN:73,(anonymous_4)
FN:74,(anonymous_5)
FN:75,(anonymous_6)
FN:107,(anonymous_7)
FN:109,(anonymous_8)
FN:118,(anonymous_9)
FN:135,(anonymous_10)
FN:147,(anonymous_11)
FN:159,(anonymous_12)
FN:160,(anonymous_13)
FNF:14
FNH:0
FNDA:0,ReviewSection
FNDA:0,(anonymous_1)
FNDA:0,(anonymous_2)
FNDA:0,(anonymous_3)
FNDA:0,(anonymous_4)
FNDA:0,(anonymous_5)
FNDA:0,(anonymous_6)
FNDA:0,(anonymous_7)
FNDA:0,(anonymous_8)
FNDA:0,(anonymous_9)
FNDA:0,(anonymous_10)
FNDA:0,(anonymous_11)
FNDA:0,(anonymous_12)
FNDA:0,(anonymous_13)
DA:36,0
DA:37,0
DA:38,0
DA:40,0
DA:43,0
DA:44,0
DA:45,0
DA:47,0
DA:48,0
DA:50,0
DA:51,0
DA:53,0
DA:63,0
DA:65,0
DA:66,0
DA:69,0
DA:70,0
DA:73,0
DA:74,0
DA:75,0
DA:76,0
DA:87,0
DA:107,0
DA:110,0
DA:119,0
DA:135,0
DA:147,0
DA:160,0
DA:198,0
LF:29
LH:0
BRDA:38,0,0,0
BRDA:38,0,1,0
BRDA:51,1,0,0
BRDA:51,1,1,0
BRDA:76,2,0,0
BRDA:76,2,1,0
BRDA:79,3,0,0
BRDA:79,3,1,0
BRDA:89,4,0,0
BRDA:89,4,1,0
BRDA:91,5,0,0
BRDA:91,5,1,0
BRDA:97,6,0,0
BRDA:97,6,1,0
BRDA:121,7,0,0
BRDA:121,7,1,0
BRDA:128,8,0,0
BRDA:128,8,1,0
BRDA:137,9,0,0
BRDA:137,9,1,0
BRDA:139,10,0,0
BRDA:139,10,1,0
BRDA:146,11,0,0
BRDA:146,11,1,0
BRDA:162,12,0,0
BRDA:162,12,1,0
BRDA:174,13,0,0
BRDA:174,13,1,0
BRDA:186,14,0,0
BRDA:186,14,1,0
BRF:30
BRH:0
end_of_record
TN:
SF:components/SearchBar.tsx
FN:9,SearchBar
FNF:1
FNH:0
FNDA:0,SearchBar
DA:10,0
DA:11,0
DA:12,0
DA:13,0
DA:25,0
LF:5
LH:0
BRDA:12,0,0,0
BRDA:12,0,1,0
BRF:2
BRH:0
end_of_record
TN:
SF:components/SearchDate.tsx
FN:10,SearchDate
FN:18,(anonymous_1)
FN:30,(anonymous_2)
FN:42,(anonymous_3)
FNF:4
FNH:0
FNDA:0,SearchDate
FNDA:0,(anonymous_1)
FNDA:0,(anonymous_2)
FNDA:0,(anonymous_3)
DA:11,0
DA:12,0
DA:13,0
DA:15,0
DA:16,0
DA:18,0
DA:20,0
DA:21,0
DA:22,0
DA:23,0
DA:26,0
DA:30,0
DA:42,0
DA:49,0
LF:14
LH:0
BRDA:13,0,0,0
BRDA:13,0,1,0
BRDA:34,1,0,0
BRDA:34,1,1,0
BRF:4
BRH:0
end_of_record
TN:
SF:components/ThemeToggle.tsx
FN:13,ThemeToggle
FN:17,(anonymous_1)
FN:46,(anonymous_2)
FNF:3
FNH:0
FNDA:0,ThemeToggle
FNDA:0,(anonymous_1)
FNDA:0,(anonymous_2)
DA:14,0
DA:15,0
DA:17,0
DA:19,0
DA:22,0
DA:25,0
DA:46,0
DA:48,0
DA:51,0
DA:56,0
DA:69,0
LF:11
LH:0
BRDA:63,0,0,0
BRDA:63,0,1,0
BRF:2
BRH:0
end_of_record
